{
"/Users/sf/Desktop/code/habemus/server/h-auth/server/index.js":{"path":"/Users/sf/Desktop/code/habemus/server/h-auth/server/index.js","s":{"1":1,"2":1,"3":1,"4":1,"5":1,"6":1,"7":1,"8":1,"9":3,"10":0,"11":3,"12":0,"13":3,"14":3,"15":3,"16":3,"17":3,"18":3,"19":0,"20":3,"21":3,"22":3,"23":3,"24":3,"25":3,"26":3,"27":3,"28":3,"29":3,"30":19,"31":4,"32":4,"33":4,"34":19,"35":0,"36":0,"37":0,"38":19,"39":3,"40":3,"41":3,"42":3,"43":3,"44":1},"b":{"1":[0,3],"2":[0,3]},"f":{"1":3,"2":0,"3":19,"4":4,"5":0},"fnMap":{"1":{"name":"createHabemusAuth","line":17,"loc":{"start":{"line":17,"column":0},"end":{"line":17,"column":36}}},"2":{"name":"(anonymous_2)","line":36,"loc":{"start":{"line":36,"column":18},"end":{"line":36,"column":38}}},"3":{"name":"(anonymous_3)","line":62,"loc":{"start":{"line":62,"column":10},"end":{"line":62,"column":36}}},"4":{"name":"(anonymous_4)","line":65,"loc":{"start":{"line":65,"column":16},"end":{"line":65,"column":50}}},"5":{"name":"(anonymous_5)","line":73,"loc":{"start":{"line":73,"column":16},"end":{"line":73,"column":50}}}},"statementMap":{"1":{"start":{"line":2,"column":0},"end":{"line":2,"column":30}},"2":{"start":{"line":5,"column":0},"end":{"line":5,"column":34}},"3":{"start":{"line":6,"column":0},"end":{"line":6,"column":33}},"4":{"start":{"line":7,"column":0},"end":{"line":7,"column":31}},"5":{"start":{"line":8,"column":0},"end":{"line":8,"column":35}},"6":{"start":{"line":9,"column":0},"end":{"line":9,"column":42}},"7":{"start":{"line":12,"column":0},"end":{"line":12,"column":54}},"8":{"start":{"line":17,"column":0},"end":{"line":93,"column":1}},"9":{"start":{"line":18,"column":2},"end":{"line":18,"column":73}},"10":{"start":{"line":18,"column":29},"end":{"line":18,"column":71}},"11":{"start":{"line":19,"column":2},"end":{"line":19,"column":73}},"12":{"start":{"line":19,"column":29},"end":{"line":19,"column":71}},"13":{"start":{"line":22,"column":2},"end":{"line":22,"column":22}},"14":{"start":{"line":25,"column":2},"end":{"line":25,"column":25}},"15":{"start":{"line":28,"column":2},"end":{"line":28,"column":58}},"16":{"start":{"line":31,"column":2},"end":{"line":31,"column":25}},"17":{"start":{"line":33,"column":2},"end":{"line":33,"column":18}},"18":{"start":{"line":36,"column":2},"end":{"line":40,"column":5}},"19":{"start":{"line":37,"column":4},"end":{"line":39,"column":7}},"20":{"start":{"line":43,"column":2},"end":{"line":43,"column":59}},"21":{"start":{"line":45,"column":2},"end":{"line":45,"column":28}},"22":{"start":{"line":48,"column":2},"end":{"line":48,"column":18}},"23":{"start":{"line":49,"column":2},"end":{"line":49,"column":64}},"24":{"start":{"line":52,"column":2},"end":{"line":52,"column":23}},"25":{"start":{"line":53,"column":2},"end":{"line":53,"column":73}},"26":{"start":{"line":54,"column":2},"end":{"line":54,"column":73}},"27":{"start":{"line":57,"column":2},"end":{"line":57,"column":22}},"28":{"start":{"line":58,"column":2},"end":{"line":58,"column":87}},"29":{"start":{"line":62,"column":2},"end":{"line":82,"column":5}},"30":{"start":{"line":65,"column":4},"end":{"line":71,"column":6}},"31":{"start":{"line":66,"column":6},"end":{"line":66,"column":38}},"32":{"start":{"line":68,"column":6},"end":{"line":68,"column":39}},"33":{"start":{"line":70,"column":6},"end":{"line":70,"column":20}},"34":{"start":{"line":73,"column":4},"end":{"line":78,"column":6}},"35":{"start":{"line":74,"column":6},"end":{"line":74,"column":38}},"36":{"start":{"line":76,"column":6},"end":{"line":76,"column":39}},"37":{"start":{"line":77,"column":6},"end":{"line":77,"column":20}},"38":{"start":{"line":80,"column":4},"end":{"line":80,"column":11}},"39":{"start":{"line":85,"column":2},"end":{"line":85,"column":45}},"40":{"start":{"line":86,"column":2},"end":{"line":86,"column":45}},"41":{"start":{"line":89,"column":2},"end":{"line":89,"column":65}},"42":{"start":{"line":90,"column":2},"end":{"line":90,"column":61}},"43":{"start":{"line":92,"column":2},"end":{"line":92,"column":13}},"44":{"start":{"line":95,"column":0},"end":{"line":95,"column":35}}},"branchMap":{"1":{"line":18,"type":"if","locations":[{"start":{"line":18,"column":2},"end":{"line":18,"column":2}},{"start":{"line":18,"column":2},"end":{"line":18,"column":2}}]},"2":{"line":19,"type":"if","locations":[{"start":{"line":19,"column":2},"end":{"line":19,"column":2}},{"start":{"line":19,"column":2},"end":{"line":19,"column":2}}]}},"l":{"2":1,"5":1,"6":1,"7":1,"8":1,"9":1,"12":1,"17":1,"18":3,"19":3,"22":3,"25":3,"28":3,"31":3,"33":3,"36":3,"37":0,"43":3,"45":3,"48":3,"49":3,"52":3,"53":3,"54":3,"57":3,"58":3,"62":3,"65":19,"66":4,"68":4,"70":4,"73":19,"74":0,"76":0,"77":0,"80":19,"85":3,"86":3,"89":3,"90":3,"92":3,"95":1}},
"/Users/sf/Desktop/code/habemus/server/h-auth/server/app/errors/h-auth-error.js":{"path":"/Users/sf/Desktop/code/habemus/server/h-auth/server/app/errors/h-auth-error.js","s":{"1":1,"2":1,"3":5,"4":1,"5":1,"6":1,"7":1,"8":1,"9":7,"10":0,"11":7,"12":7,"13":7,"14":1,"15":1,"16":1},"b":{"1":[0,7]},"f":{"1":5,"2":1,"3":1,"4":7},"fnMap":{"1":{"name":"echo","line":4,"loc":{"start":{"line":4,"column":0},"end":{"line":4,"column":19}}},"2":{"name":"invalidCredentials","line":8,"loc":{"start":{"line":8,"column":0},"end":{"line":8,"column":33}}},"3":{"name":"(anonymous_3)","line":15,"loc":{"start":{"line":15,"column":17},"end":{"line":15,"column":37}}},"4":{"name":"HAuthError","line":24,"loc":{"start":{"line":24,"column":0},"end":{"line":24,"column":35}}}},"statementMap":{"1":{"start":{"line":2,"column":0},"end":{"line":2,"column":27}},"2":{"start":{"line":4,"column":0},"end":{"line":6,"column":1}},"3":{"start":{"line":5,"column":2},"end":{"line":5,"column":13}},"4":{"start":{"line":8,"column":0},"end":{"line":10,"column":1}},"5":{"start":{"line":9,"column":2},"end":{"line":9,"column":31}},"6":{"start":{"line":12,"column":0},"end":{"line":22,"column":2}},"7":{"start":{"line":16,"column":4},"end":{"line":16,"column":56}},"8":{"start":{"line":24,"column":0},"end":{"line":34,"column":1}},"9":{"start":{"line":25,"column":2},"end":{"line":27,"column":3}},"10":{"start":{"line":26,"column":4},"end":{"line":26,"column":57}},"11":{"start":{"line":29,"column":2},"end":{"line":29,"column":19}},"12":{"start":{"line":31,"column":2},"end":{"line":31,"column":39}},"13":{"start":{"line":33,"column":2},"end":{"line":33,"column":19}},"14":{"start":{"line":36,"column":0},"end":{"line":36,"column":33}},"15":{"start":{"line":38,"column":0},"end":{"line":38,"column":41}},"16":{"start":{"line":40,"column":0},"end":{"line":40,"column":28}}},"branchMap":{"1":{"line":25,"type":"if","locations":[{"start":{"line":25,"column":2},"end":{"line":25,"column":2}},{"start":{"line":25,"column":2},"end":{"line":25,"column":2}}]}},"l":{"2":1,"4":1,"5":5,"8":1,"9":1,"12":1,"16":1,"24":1,"25":7,"26":0,"29":7,"31":7,"33":7,"36":1,"38":1,"40":1}},
"/Users/sf/Desktop/code/habemus/server/h-auth/server/app/models/user.js":{"path":"/Users/sf/Desktop/code/habemus/server/h-auth/server/app/models/user.js","s":{"1":1,"2":1,"3":1,"4":1,"5":1,"6":1,"7":1,"8":4,"9":4,"10":4,"11":4,"12":0,"13":0,"14":4,"15":1,"16":3,"17":3,"18":7,"19":7,"20":7,"21":0,"22":0,"23":7,"24":3,"25":3},"b":{"1":[0,4],"2":[3,3],"3":[0,7]},"f":{"1":4,"2":3,"3":7},"fnMap":{"1":{"name":"(anonymous_1)","line":28,"loc":{"start":{"line":28,"column":38},"end":{"line":28,"column":62}}},"2":{"name":"(anonymous_2)","line":44,"loc":{"start":{"line":44,"column":17},"end":{"line":44,"column":42}}},"3":{"name":"(anonymous_3)","line":48,"loc":{"start":{"line":48,"column":39},"end":{"line":48,"column":63}}}},"statementMap":{"1":{"start":{"line":2,"column":0},"end":{"line":2,"column":35}},"2":{"start":{"line":3,"column":0},"end":{"line":3,"column":33}},"3":{"start":{"line":4,"column":0},"end":{"line":4,"column":35}},"4":{"start":{"line":7,"column":0},"end":{"line":7,"column":31}},"5":{"start":{"line":8,"column":0},"end":{"line":8,"column":31}},"6":{"start":{"line":10,"column":0},"end":{"line":26,"column":3}},"7":{"start":{"line":28,"column":0},"end":{"line":42,"column":2}},"8":{"start":{"line":30,"column":2},"end":{"line":30,"column":23}},"9":{"start":{"line":32,"column":2},"end":{"line":41,"column":5}},"10":{"start":{"line":33,"column":4},"end":{"line":40,"column":7}},"11":{"start":{"line":34,"column":6},"end":{"line":37,"column":7}},"12":{"start":{"line":35,"column":8},"end":{"line":35,"column":20}},"13":{"start":{"line":36,"column":8},"end":{"line":36,"column":15}},"14":{"start":{"line":39,"column":6},"end":{"line":39,"column":22}},"15":{"start":{"line":44,"column":0},"end":{"line":66,"column":1}},"16":{"start":{"line":46,"column":2},"end":{"line":46,"column":61}},"17":{"start":{"line":48,"column":2},"end":{"line":61,"column":4}},"18":{"start":{"line":50,"column":4},"end":{"line":60,"column":7}},"19":{"start":{"line":51,"column":6},"end":{"line":59,"column":9}},"20":{"start":{"line":53,"column":8},"end":{"line":56,"column":9}},"21":{"start":{"line":54,"column":10},"end":{"line":54,"column":22}},"22":{"start":{"line":55,"column":10},"end":{"line":55,"column":17}},"23":{"start":{"line":58,"column":8},"end":{"line":58,"column":22}},"24":{"start":{"line":63,"column":2},"end":{"line":63,"column":44}},"25":{"start":{"line":65,"column":2},"end":{"line":65,"column":14}}},"branchMap":{"1":{"line":34,"type":"if","locations":[{"start":{"line":34,"column":6},"end":{"line":34,"column":6}},{"start":{"line":34,"column":6},"end":{"line":34,"column":6}}]},"2":{"line":46,"type":"binary-expr","locations":[{"start":{"line":46,"column":19},"end":{"line":46,"column":37}},{"start":{"line":46,"column":41},"end":{"line":46,"column":60}}]},"3":{"line":53,"type":"if","locations":[{"start":{"line":53,"column":8},"end":{"line":53,"column":8}},{"start":{"line":53,"column":8},"end":{"line":53,"column":8}}]}},"l":{"2":1,"3":1,"4":1,"7":1,"8":1,"10":1,"28":1,"30":4,"32":4,"33":4,"34":4,"35":0,"36":0,"39":4,"44":1,"46":3,"48":3,"50":7,"51":7,"53":7,"54":0,"55":0,"58":7,"63":3,"65":3}},
"/Users/sf/Desktop/code/habemus/server/h-auth/server/app/controllers/user.js":{"path":"/Users/sf/Desktop/code/habemus/server/h-auth/server/app/controllers/user.js","s":{"1":1,"2":3,"3":3,"4":3,"5":8,"6":1,"7":1,"8":7,"9":7,"10":7,"11":7,"12":5,"13":2,"14":1,"15":1,"16":1,"17":1,"18":0,"19":3,"20":1,"21":3,"22":1,"23":3,"24":0,"25":3},"b":{"1":[1,7],"2":[1,1],"3":[2,1],"4":[1,0]},"f":{"1":3,"2":8,"3":7,"4":5,"5":2,"6":1,"7":1,"8":0},"fnMap":{"1":{"name":"(anonymous_1)","line":1,"loc":{"start":{"line":1,"column":17},"end":{"line":1,"column":41}}},"2":{"name":"(anonymous_2)","line":7,"loc":{"start":{"line":7,"column":20},"end":{"line":7,"column":40}}},"3":{"name":"(anonymous_3)","line":17,"loc":{"start":{"line":17,"column":12},"end":{"line":17,"column":28}}},"4":{"name":"(anonymous_4)","line":24,"loc":{"start":{"line":24,"column":12},"end":{"line":24,"column":28}}},"5":{"name":"(anonymous_5)","line":26,"loc":{"start":{"line":26,"column":9},"end":{"line":26,"column":24}}},"6":{"name":"(anonymous_6)","line":46,"loc":{"start":{"line":46,"column":20},"end":{"line":46,"column":40}}},"7":{"name":"(anonymous_7)","line":50,"loc":{"start":{"line":50,"column":21},"end":{"line":50,"column":38}}},"8":{"name":"(anonymous_8)","line":54,"loc":{"start":{"line":54,"column":18},"end":{"line":54,"column":35}}}},"statementMap":{"1":{"start":{"line":1,"column":0},"end":{"line":59,"column":2}},"2":{"start":{"line":3,"column":2},"end":{"line":3,"column":31}},"3":{"start":{"line":5,"column":2},"end":{"line":5,"column":20}},"4":{"start":{"line":7,"column":2},"end":{"line":44,"column":4}},"5":{"start":{"line":11,"column":4},"end":{"line":14,"column":5}},"6":{"start":{"line":12,"column":6},"end":{"line":12,"column":49}},"7":{"start":{"line":13,"column":6},"end":{"line":13,"column":33}},"8":{"start":{"line":16,"column":4},"end":{"line":43,"column":9}},"9":{"start":{"line":18,"column":8},"end":{"line":18,"column":29}},"10":{"start":{"line":20,"column":8},"end":{"line":20,"column":38}},"11":{"start":{"line":22,"column":8},"end":{"line":22,"column":27}},"12":{"start":{"line":25,"column":8},"end":{"line":25,"column":20}},"13":{"start":{"line":28,"column":8},"end":{"line":41,"column":9}},"14":{"start":{"line":32,"column":10},"end":{"line":32,"column":72}},"15":{"start":{"line":34,"column":10},"end":{"line":34,"column":22}},"16":{"start":{"line":35,"column":15},"end":{"line":41,"column":9}},"17":{"start":{"line":37,"column":10},"end":{"line":37,"column":20}},"18":{"start":{"line":40,"column":10},"end":{"line":40,"column":20}},"19":{"start":{"line":46,"column":2},"end":{"line":48,"column":4}},"20":{"start":{"line":47,"column":4},"end":{"line":47,"column":57}},"21":{"start":{"line":50,"column":2},"end":{"line":52,"column":4}},"22":{"start":{"line":51,"column":4},"end":{"line":51,"column":31}},"23":{"start":{"line":54,"column":2},"end":{"line":56,"column":4}},"24":{"start":{"line":55,"column":4},"end":{"line":55,"column":28}},"25":{"start":{"line":58,"column":2},"end":{"line":58,"column":18}}},"branchMap":{"1":{"line":11,"type":"if","locations":[{"start":{"line":11,"column":4},"end":{"line":11,"column":4}},{"start":{"line":11,"column":4},"end":{"line":11,"column":4}}]},"2":{"line":28,"type":"if","locations":[{"start":{"line":28,"column":8},"end":{"line":28,"column":8}},{"start":{"line":28,"column":8},"end":{"line":28,"column":8}}]},"3":{"line":28,"type":"binary-expr","locations":[{"start":{"line":28,"column":12},"end":{"line":28,"column":37}},{"start":{"line":28,"column":41},"end":{"line":28,"column":59}}]},"4":{"line":35,"type":"if","locations":[{"start":{"line":35,"column":15},"end":{"line":35,"column":15}},{"start":{"line":35,"column":15},"end":{"line":35,"column":15}}]}},"l":{"1":1,"3":3,"5":3,"7":3,"11":8,"12":1,"13":1,"16":7,"18":7,"20":7,"22":7,"25":5,"28":2,"32":1,"34":1,"35":1,"37":1,"40":0,"46":3,"47":1,"50":3,"51":1,"54":3,"55":0,"58":3}},
"/Users/sf/Desktop/code/habemus/server/h-auth/server/app/controllers/auth.js":{"path":"/Users/sf/Desktop/code/habemus/server/h-auth/server/app/controllers/auth.js","s":{"1":1,"2":1,"3":1,"4":1,"5":3,"6":0,"7":3,"8":3,"9":3,"10":3,"11":3,"12":4,"13":0,"14":4,"15":0,"16":4,"17":4,"18":4,"19":0,"20":4,"21":4,"22":4,"23":0,"24":4,"25":4,"26":4,"27":3,"28":4,"29":0,"30":4,"31":4,"32":4,"33":1,"34":3,"35":3},"b":{"1":[0,3],"2":[3,3],"3":[0,4],"4":[0,4],"5":[0,4],"6":[0,4],"7":[0,4],"8":[1,3]},"f":{"1":3,"2":4,"3":4},"fnMap":{"1":{"name":"(anonymous_1)","line":7,"loc":{"start":{"line":7,"column":17},"end":{"line":7,"column":41}}},"2":{"name":"(anonymous_2)","line":23,"loc":{"start":{"line":23,"column":27},"end":{"line":23,"column":66}}},"3":{"name":"(anonymous_3)","line":65,"loc":{"start":{"line":65,"column":25},"end":{"line":65,"column":42}}}},"statementMap":{"1":{"start":{"line":2,"column":0},"end":{"line":2,"column":36}},"2":{"start":{"line":3,"column":0},"end":{"line":3,"column":37}},"3":{"start":{"line":5,"column":0},"end":{"line":5,"column":34}},"4":{"start":{"line":7,"column":0},"end":{"line":84,"column":2}},"5":{"start":{"line":9,"column":2},"end":{"line":9,"column":65}},"6":{"start":{"line":9,"column":25},"end":{"line":9,"column":63}},"7":{"start":{"line":11,"column":2},"end":{"line":11,"column":67}},"8":{"start":{"line":12,"column":2},"end":{"line":12,"column":32}},"9":{"start":{"line":13,"column":2},"end":{"line":13,"column":33}},"10":{"start":{"line":15,"column":2},"end":{"line":15,"column":20}},"11":{"start":{"line":23,"column":2},"end":{"line":58,"column":4}},"12":{"start":{"line":25,"column":4},"end":{"line":25,"column":63}},"13":{"start":{"line":25,"column":21},"end":{"line":25,"column":61}},"14":{"start":{"line":26,"column":4},"end":{"line":26,"column":63}},"15":{"start":{"line":26,"column":21},"end":{"line":26,"column":61}},"16":{"start":{"line":28,"column":4},"end":{"line":28,"column":14}},"17":{"start":{"line":30,"column":4},"end":{"line":57,"column":9}},"18":{"start":{"line":33,"column":8},"end":{"line":35,"column":9}},"19":{"start":{"line":34,"column":10},"end":{"line":34,"column":60}},"20":{"start":{"line":38,"column":8},"end":{"line":38,"column":21}},"21":{"start":{"line":40,"column":8},"end":{"line":40,"column":48}},"22":{"start":{"line":44,"column":8},"end":{"line":46,"column":9}},"23":{"start":{"line":45,"column":10},"end":{"line":45,"column":52}},"24":{"start":{"line":48,"column":8},"end":{"line":56,"column":11}},"25":{"start":{"line":50,"column":10},"end":{"line":53,"column":12}},"26":{"start":{"line":55,"column":10},"end":{"line":55,"column":75}},"27":{"start":{"line":65,"column":2},"end":{"line":80,"column":4}},"28":{"start":{"line":67,"column":4},"end":{"line":67,"column":57}},"29":{"start":{"line":67,"column":18},"end":{"line":67,"column":55}},"30":{"start":{"line":69,"column":4},"end":{"line":78,"column":7}},"31":{"start":{"line":71,"column":6},"end":{"line":77,"column":9}},"32":{"start":{"line":72,"column":8},"end":{"line":76,"column":9}},"33":{"start":{"line":73,"column":10},"end":{"line":73,"column":48}},"34":{"start":{"line":75,"column":10},"end":{"line":75,"column":27}},"35":{"start":{"line":82,"column":2},"end":{"line":82,"column":18}}},"branchMap":{"1":{"line":9,"type":"if","locations":[{"start":{"line":9,"column":2},"end":{"line":9,"column":2}},{"start":{"line":9,"column":2},"end":{"line":9,"column":2}}]},"2":{"line":11,"type":"binary-expr","locations":[{"start":{"line":11,"column":23},"end":{"line":11,"column":42}},{"start":{"line":11,"column":46},"end":{"line":11,"column":66}}]},"3":{"line":25,"type":"if","locations":[{"start":{"line":25,"column":4},"end":{"line":25,"column":4}},{"start":{"line":25,"column":4},"end":{"line":25,"column":4}}]},"4":{"line":26,"type":"if","locations":[{"start":{"line":26,"column":4},"end":{"line":26,"column":4}},{"start":{"line":26,"column":4},"end":{"line":26,"column":4}}]},"5":{"line":33,"type":"if","locations":[{"start":{"line":33,"column":8},"end":{"line":33,"column":8}},{"start":{"line":33,"column":8},"end":{"line":33,"column":8}}]},"6":{"line":44,"type":"if","locations":[{"start":{"line":44,"column":8},"end":{"line":44,"column":8}},{"start":{"line":44,"column":8},"end":{"line":44,"column":8}}]},"7":{"line":67,"type":"if","locations":[{"start":{"line":67,"column":4},"end":{"line":67,"column":4}},{"start":{"line":67,"column":4},"end":{"line":67,"column":4}}]},"8":{"line":72,"type":"if","locations":[{"start":{"line":72,"column":8},"end":{"line":72,"column":8}},{"start":{"line":72,"column":8},"end":{"line":72,"column":8}}]}},"l":{"2":1,"3":1,"5":1,"7":1,"9":3,"11":3,"12":3,"13":3,"15":3,"23":3,"25":4,"26":4,"28":4,"30":4,"33":4,"34":0,"38":4,"40":4,"44":4,"45":0,"48":4,"50":4,"55":4,"65":3,"67":4,"69":4,"71":4,"72":4,"73":1,"75":3,"82":3}},
"/Users/sf/Desktop/code/habemus/server/h-auth/server/app/middleware/authenticate.js":{"path":"/Users/sf/Desktop/code/habemus/server/h-auth/server/app/middleware/authenticate.js","s":{"1":1,"2":3,"3":1,"4":7,"5":7,"6":3,"7":4,"8":4,"9":0,"10":4,"11":3,"12":7,"13":7,"14":3,"15":3,"16":4,"17":3,"18":3},"b":{"1":[3,4],"2":[0,4],"3":[3,4]},"f":{"1":3,"2":7,"3":7,"4":3},"fnMap":{"1":{"name":"(anonymous_1)","line":1,"loc":{"start":{"line":1,"column":17},"end":{"line":1,"column":41}}},"2":{"name":"parseToken","line":5,"loc":{"start":{"line":5,"column":2},"end":{"line":5,"column":27}}},"3":{"name":"(anonymous_3)","line":19,"loc":{"start":{"line":19,"column":9},"end":{"line":19,"column":35}}},"4":{"name":"(anonymous_4)","line":28,"loc":{"start":{"line":28,"column":12},"end":{"line":28,"column":31}}}},"statementMap":{"1":{"start":{"line":1,"column":0},"end":{"line":36,"column":2}},"2":{"start":{"line":3,"column":2},"end":{"line":3,"column":43}},"3":{"start":{"line":5,"column":2},"end":{"line":17,"column":3}},"4":{"start":{"line":6,"column":4},"end":{"line":6,"column":58}},"5":{"start":{"line":8,"column":4},"end":{"line":8,"column":47}},"6":{"start":{"line":8,"column":32},"end":{"line":8,"column":45}},"7":{"start":{"line":10,"column":4},"end":{"line":10,"column":59}},"8":{"start":{"line":12,"column":4},"end":{"line":16,"column":5}},"9":{"start":{"line":13,"column":6},"end":{"line":13,"column":19}},"10":{"start":{"line":15,"column":6},"end":{"line":15,"column":22}},"11":{"start":{"line":19,"column":2},"end":{"line":35,"column":4}},"12":{"start":{"line":20,"column":4},"end":{"line":20,"column":32}},"13":{"start":{"line":22,"column":4},"end":{"line":25,"column":5}},"14":{"start":{"line":23,"column":6},"end":{"line":23,"column":49}},"15":{"start":{"line":24,"column":6},"end":{"line":24,"column":13}},"16":{"start":{"line":27,"column":4},"end":{"line":33,"column":15}},"17":{"start":{"line":30,"column":8},"end":{"line":30,"column":27}},"18":{"start":{"line":32,"column":8},"end":{"line":32,"column":15}}},"branchMap":{"1":{"line":8,"type":"if","locations":[{"start":{"line":8,"column":4},"end":{"line":8,"column":4}},{"start":{"line":8,"column":4},"end":{"line":8,"column":4}}]},"2":{"line":12,"type":"if","locations":[{"start":{"line":12,"column":4},"end":{"line":12,"column":4}},{"start":{"line":12,"column":4},"end":{"line":12,"column":4}}]},"3":{"line":22,"type":"if","locations":[{"start":{"line":22,"column":4},"end":{"line":22,"column":4}},{"start":{"line":22,"column":4},"end":{"line":22,"column":4}}]}},"l":{"1":1,"3":3,"5":1,"6":7,"8":7,"10":4,"12":4,"13":0,"15":4,"19":3,"20":7,"22":7,"23":3,"24":3,"27":4,"30":3,"32":3}},
"/Users/sf/Desktop/code/habemus/server/h-auth/server/app/routes/user.js":{"path":"/Users/sf/Desktop/code/habemus/server/h-auth/server/app/routes/user.js","s":{"1":1,"2":1,"3":1,"4":3,"5":8,"6":5,"7":5,"8":5,"9":3,"10":2,"11":1,"12":1,"13":1,"14":1,"15":1,"16":1,"17":1,"18":0,"19":0,"20":3,"21":1,"22":0,"23":0,"24":1,"25":1,"26":1,"27":1},"b":{"1":[1,1],"2":[1,0],"3":[0,1]},"f":{"1":3,"2":8,"3":2,"4":1},"fnMap":{"1":{"name":"(anonymous_1)","line":9,"loc":{"start":{"line":9,"column":17},"end":{"line":9,"column":41}}},"2":{"name":"(anonymous_2)","line":14,"loc":{"start":{"line":14,"column":4},"end":{"line":14,"column":30}}},"3":{"name":"(anonymous_3)","line":30,"loc":{"start":{"line":30,"column":4},"end":{"line":30,"column":30}}},"4":{"name":"(anonymous_4)","line":61,"loc":{"start":{"line":61,"column":4},"end":{"line":61,"column":30}}}},"statementMap":{"1":{"start":{"line":2,"column":0},"end":{"line":2,"column":40}},"2":{"start":{"line":4,"column":0},"end":{"line":7,"column":2}},"3":{"start":{"line":9,"column":0},"end":{"line":82,"column":2}},"4":{"start":{"line":11,"column":2},"end":{"line":26,"column":4}},"5":{"start":{"line":16,"column":6},"end":{"line":24,"column":17}},"6":{"start":{"line":19,"column":10},"end":{"line":19,"column":46}},"7":{"start":{"line":21,"column":10},"end":{"line":21,"column":43}},"8":{"start":{"line":23,"column":10},"end":{"line":23,"column":36}},"9":{"start":{"line":28,"column":2},"end":{"line":57,"column":4}},"10":{"start":{"line":34,"column":6},"end":{"line":37,"column":7}},"11":{"start":{"line":35,"column":8},"end":{"line":35,"column":44}},"12":{"start":{"line":36,"column":8},"end":{"line":36,"column":15}},"13":{"start":{"line":39,"column":6},"end":{"line":55,"column":21}},"14":{"start":{"line":42,"column":10},"end":{"line":42,"column":46}},"15":{"start":{"line":44,"column":10},"end":{"line":53,"column":11}},"16":{"start":{"line":45,"column":12},"end":{"line":45,"column":38}},"17":{"start":{"line":47,"column":12},"end":{"line":47,"column":26}},"18":{"start":{"line":50,"column":12},"end":{"line":50,"column":38}},"19":{"start":{"line":52,"column":12},"end":{"line":52,"column":38}},"20":{"start":{"line":59,"column":2},"end":{"line":81,"column":4}},"21":{"start":{"line":65,"column":6},"end":{"line":68,"column":7}},"22":{"start":{"line":66,"column":8},"end":{"line":66,"column":44}},"23":{"start":{"line":67,"column":8},"end":{"line":67,"column":15}},"24":{"start":{"line":70,"column":6},"end":{"line":79,"column":21}},"25":{"start":{"line":72,"column":10},"end":{"line":72,"column":46}},"26":{"start":{"line":74,"column":10},"end":{"line":74,"column":47}},"27":{"start":{"line":76,"column":10},"end":{"line":76,"column":24}}},"branchMap":{"1":{"line":34,"type":"if","locations":[{"start":{"line":34,"column":6},"end":{"line":34,"column":6}},{"start":{"line":34,"column":6},"end":{"line":34,"column":6}}]},"2":{"line":44,"type":"if","locations":[{"start":{"line":44,"column":10},"end":{"line":44,"column":10}},{"start":{"line":44,"column":10},"end":{"line":44,"column":10}}]},"3":{"line":65,"type":"if","locations":[{"start":{"line":65,"column":6},"end":{"line":65,"column":6}},{"start":{"line":65,"column":6},"end":{"line":65,"column":6}}]}},"l":{"2":1,"4":1,"9":1,"11":3,"16":8,"19":5,"21":5,"23":5,"28":3,"34":2,"35":1,"36":1,"39":1,"42":1,"44":1,"45":1,"47":1,"50":0,"52":0,"59":3,"65":1,"66":0,"67":0,"70":1,"72":1,"74":1,"76":1}},
"/Users/sf/Desktop/code/habemus/server/h-auth/server/app/routes/auth.js":{"path":"/Users/sf/Desktop/code/habemus/server/h-auth/server/app/routes/auth.js","s":{"1":1,"2":1,"3":3,"4":4,"5":4,"6":4,"7":4,"8":0,"9":3,"10":0,"11":0,"12":0,"13":0},"b":{},"f":{"1":3,"2":4,"3":0},"fnMap":{"1":{"name":"(anonymous_1)","line":4,"loc":{"start":{"line":4,"column":17},"end":{"line":4,"column":41}}},"2":{"name":"(anonymous_2)","line":8,"loc":{"start":{"line":8,"column":4},"end":{"line":8,"column":30}}},"3":{"name":"(anonymous_3)","line":28,"loc":{"start":{"line":28,"column":4},"end":{"line":28,"column":30}}}},"statementMap":{"1":{"start":{"line":2,"column":0},"end":{"line":2,"column":40}},"2":{"start":{"line":4,"column":0},"end":{"line":45,"column":2}},"3":{"start":{"line":6,"column":2},"end":{"line":24,"column":4}},"4":{"start":{"line":10,"column":6},"end":{"line":10,"column":39}},"5":{"start":{"line":11,"column":6},"end":{"line":11,"column":39}},"6":{"start":{"line":13,"column":6},"end":{"line":22,"column":11}},"7":{"start":{"line":16,"column":10},"end":{"line":18,"column":13}},"8":{"start":{"line":21,"column":10},"end":{"line":21,"column":20}},"9":{"start":{"line":26,"column":2},"end":{"line":44,"column":4}},"10":{"start":{"line":30,"column":6},"end":{"line":30,"column":33}},"11":{"start":{"line":32,"column":6},"end":{"line":42,"column":11}},"12":{"start":{"line":35,"column":10},"end":{"line":38,"column":13}},"13":{"start":{"line":41,"column":10},"end":{"line":41,"column":20}}},"branchMap":{},"l":{"2":1,"4":1,"6":3,"10":4,"11":4,"13":4,"16":4,"21":0,"26":3,"30":0,"32":0,"35":0,"41":0}},
"/Users/sf/Desktop/code/habemus/server/h-auth/server/app/error-handlers/validation-error.js":{"path":"/Users/sf/Desktop/code/habemus/server/h-auth/server/app/error-handlers/validation-error.js","s":{"1":1,"2":3,"3":8,"4":1,"5":7},"b":{"1":[1,7]},"f":{"1":3,"2":8},"fnMap":{"1":{"name":"(anonymous_1)","line":1,"loc":{"start":{"line":1,"column":17},"end":{"line":1,"column":41}}},"2":{"name":"(anonymous_2)","line":3,"loc":{"start":{"line":3,"column":10},"end":{"line":3,"column":41}}}},"statementMap":{"1":{"start":{"line":1,"column":0},"end":{"line":14,"column":1}},"2":{"start":{"line":3,"column":2},"end":{"line":12,"column":5}},"3":{"start":{"line":5,"column":4},"end":{"line":10,"column":5}},"4":{"start":{"line":6,"column":6},"end":{"line":6,"column":31}},"5":{"start":{"line":9,"column":6},"end":{"line":9,"column":16}}},"branchMap":{"1":{"line":5,"type":"if","locations":[{"start":{"line":5,"column":4},"end":{"line":5,"column":4}},{"start":{"line":5,"column":4},"end":{"line":5,"column":4}}]}},"l":{"1":1,"3":3,"5":8,"6":1,"9":7}},
"/Users/sf/Desktop/code/habemus/server/h-auth/server/app/error-handlers/h-auth-error.js":{"path":"/Users/sf/Desktop/code/habemus/server/h-auth/server/app/error-handlers/h-auth-error.js","s":{"1":1,"2":3,"3":7,"4":7,"5":1,"6":1,"7":0,"8":0,"9":5,"10":5,"11":1,"12":1,"13":0,"14":0,"15":0},"b":{"1":[7,0],"2":[1,0,0,4,5,1,0]},"f":{"1":3,"2":7},"fnMap":{"1":{"name":"(anonymous_1)","line":1,"loc":{"start":{"line":1,"column":17},"end":{"line":1,"column":41}}},"2":{"name":"(anonymous_2)","line":3,"loc":{"start":{"line":3,"column":10},"end":{"line":3,"column":41}}}},"statementMap":{"1":{"start":{"line":1,"column":0},"end":{"line":30,"column":2}},"2":{"start":{"line":3,"column":2},"end":{"line":29,"column":5}},"3":{"start":{"line":4,"column":4},"end":{"line":28,"column":5}},"4":{"start":{"line":6,"column":6},"end":{"line":24,"column":7}},"5":{"start":{"line":8,"column":10},"end":{"line":8,"column":35}},"6":{"start":{"line":9,"column":10},"end":{"line":9,"column":16}},"7":{"start":{"line":12,"column":10},"end":{"line":12,"column":35}},"8":{"start":{"line":13,"column":10},"end":{"line":13,"column":16}},"9":{"start":{"line":16,"column":10},"end":{"line":16,"column":35}},"10":{"start":{"line":17,"column":10},"end":{"line":17,"column":16}},"11":{"start":{"line":19,"column":10},"end":{"line":19,"column":35}},"12":{"start":{"line":20,"column":10},"end":{"line":20,"column":16}},"13":{"start":{"line":22,"column":10},"end":{"line":22,"column":20}},"14":{"start":{"line":23,"column":10},"end":{"line":23,"column":16}},"15":{"start":{"line":27,"column":6},"end":{"line":27,"column":16}}},"branchMap":{"1":{"line":4,"type":"if","locations":[{"start":{"line":4,"column":4},"end":{"line":4,"column":4}},{"start":{"line":4,"column":4},"end":{"line":4,"column":4}}]},"2":{"line":6,"type":"switch","locations":[{"start":{"line":7,"column":8},"end":{"line":9,"column":16}},{"start":{"line":10,"column":8},"end":{"line":10,"column":32}},{"start":{"line":11,"column":8},"end":{"line":13,"column":16}},{"start":{"line":14,"column":8},"end":{"line":14,"column":28}},{"start":{"line":15,"column":8},"end":{"line":17,"column":16}},{"start":{"line":18,"column":8},"end":{"line":20,"column":16}},{"start":{"line":21,"column":8},"end":{"line":23,"column":16}}]}},"l":{"1":1,"3":3,"4":7,"6":7,"8":1,"9":1,"12":0,"13":0,"16":5,"17":5,"19":1,"20":1,"22":0,"23":0,"27":0}}}
