{
"/Users/sf/Desktop/code/habemus/server/h-auth/server/index.js":{"path":"/Users/sf/Desktop/code/habemus/server/h-auth/server/index.js","s":{"1":1,"2":1,"3":1,"4":1,"5":1,"6":1,"7":1,"8":1,"9":10,"10":1,"11":9,"12":1,"13":8,"14":1,"15":7,"16":7,"17":7,"18":7,"19":7,"20":7,"21":7,"22":7,"23":7,"24":7,"25":7,"26":7,"27":7,"28":7,"29":7,"30":35,"31":20,"32":20,"33":20,"34":35,"35":7,"36":1,"37":7,"38":7,"39":7,"40":7,"41":7,"42":1},"b":{"1":[1,9],"2":[1,8],"3":[1,7]},"f":{"1":10,"2":35,"3":20,"4":1},"fnMap":{"1":{"name":"createHabemusAuth","line":17,"loc":{"start":{"line":17,"column":0},"end":{"line":17,"column":36}}},"2":{"name":"(anonymous_2)","line":56,"loc":{"start":{"line":56,"column":10},"end":{"line":56,"column":36}}},"3":{"name":"(anonymous_3)","line":59,"loc":{"start":{"line":59,"column":16},"end":{"line":59,"column":50}}},"4":{"name":"(anonymous_4)","line":79,"loc":{"start":{"line":79,"column":18},"end":{"line":79,"column":38}}}},"statementMap":{"1":{"start":{"line":2,"column":0},"end":{"line":2,"column":30}},"2":{"start":{"line":5,"column":0},"end":{"line":5,"column":34}},"3":{"start":{"line":6,"column":0},"end":{"line":6,"column":33}},"4":{"start":{"line":7,"column":0},"end":{"line":7,"column":31}},"5":{"start":{"line":8,"column":0},"end":{"line":8,"column":35}},"6":{"start":{"line":9,"column":0},"end":{"line":9,"column":42}},"7":{"start":{"line":12,"column":0},"end":{"line":12,"column":54}},"8":{"start":{"line":17,"column":0},"end":{"line":96,"column":1}},"9":{"start":{"line":18,"column":2},"end":{"line":18,"column":73}},"10":{"start":{"line":18,"column":29},"end":{"line":18,"column":71}},"11":{"start":{"line":19,"column":2},"end":{"line":19,"column":73}},"12":{"start":{"line":19,"column":29},"end":{"line":19,"column":71}},"13":{"start":{"line":20,"column":2},"end":{"line":20,"column":65}},"14":{"start":{"line":20,"column":25},"end":{"line":20,"column":63}},"15":{"start":{"line":23,"column":2},"end":{"line":23,"column":22}},"16":{"start":{"line":26,"column":2},"end":{"line":26,"column":25}},"17":{"start":{"line":29,"column":2},"end":{"line":29,"column":58}},"18":{"start":{"line":32,"column":2},"end":{"line":32,"column":25}},"19":{"start":{"line":34,"column":2},"end":{"line":34,"column":18}},"20":{"start":{"line":37,"column":2},"end":{"line":37,"column":59}},"21":{"start":{"line":39,"column":2},"end":{"line":39,"column":28}},"22":{"start":{"line":42,"column":2},"end":{"line":42,"column":18}},"23":{"start":{"line":43,"column":2},"end":{"line":43,"column":64}},"24":{"start":{"line":46,"column":2},"end":{"line":46,"column":23}},"25":{"start":{"line":47,"column":2},"end":{"line":47,"column":73}},"26":{"start":{"line":48,"column":2},"end":{"line":48,"column":73}},"27":{"start":{"line":51,"column":2},"end":{"line":51,"column":22}},"28":{"start":{"line":52,"column":2},"end":{"line":52,"column":87}},"29":{"start":{"line":56,"column":2},"end":{"line":76,"column":5}},"30":{"start":{"line":59,"column":4},"end":{"line":65,"column":6}},"31":{"start":{"line":60,"column":6},"end":{"line":60,"column":38}},"32":{"start":{"line":62,"column":6},"end":{"line":62,"column":39}},"33":{"start":{"line":64,"column":6},"end":{"line":64,"column":20}},"34":{"start":{"line":74,"column":4},"end":{"line":74,"column":11}},"35":{"start":{"line":79,"column":2},"end":{"line":85,"column":5}},"36":{"start":{"line":80,"column":4},"end":{"line":84,"column":7}},"37":{"start":{"line":88,"column":2},"end":{"line":88,"column":45}},"38":{"start":{"line":89,"column":2},"end":{"line":89,"column":45}},"39":{"start":{"line":92,"column":2},"end":{"line":92,"column":65}},"40":{"start":{"line":93,"column":2},"end":{"line":93,"column":61}},"41":{"start":{"line":95,"column":2},"end":{"line":95,"column":13}},"42":{"start":{"line":98,"column":0},"end":{"line":98,"column":35}}},"branchMap":{"1":{"line":18,"type":"if","locations":[{"start":{"line":18,"column":2},"end":{"line":18,"column":2}},{"start":{"line":18,"column":2},"end":{"line":18,"column":2}}]},"2":{"line":19,"type":"if","locations":[{"start":{"line":19,"column":2},"end":{"line":19,"column":2}},{"start":{"line":19,"column":2},"end":{"line":19,"column":2}}]},"3":{"line":20,"type":"if","locations":[{"start":{"line":20,"column":2},"end":{"line":20,"column":2}},{"start":{"line":20,"column":2},"end":{"line":20,"column":2}}]}},"l":{"2":1,"5":1,"6":1,"7":1,"8":1,"9":1,"12":1,"17":1,"18":10,"19":9,"20":8,"23":7,"26":7,"29":7,"32":7,"34":7,"37":7,"39":7,"42":7,"43":7,"46":7,"47":7,"48":7,"51":7,"52":7,"56":7,"59":35,"60":20,"62":20,"64":20,"74":35,"79":7,"80":1,"88":7,"89":7,"92":7,"93":7,"95":7,"98":1}},
"/Users/sf/Desktop/code/habemus/server/h-auth/server/app/errors/h-auth-error.js":{"path":"/Users/sf/Desktop/code/habemus/server/h-auth/server/app/errors/h-auth-error.js","s":{"1":1,"2":1,"3":10,"4":1,"5":4,"6":1,"7":1,"8":1,"9":16,"10":1,"11":15,"12":15,"13":15,"14":1,"15":1,"16":1},"b":{"1":[1,15]},"f":{"1":10,"2":4,"3":1,"4":16},"fnMap":{"1":{"name":"echo","line":4,"loc":{"start":{"line":4,"column":0},"end":{"line":4,"column":19}}},"2":{"name":"invalidCredentials","line":8,"loc":{"start":{"line":8,"column":0},"end":{"line":8,"column":33}}},"3":{"name":"(anonymous_3)","line":15,"loc":{"start":{"line":15,"column":17},"end":{"line":15,"column":37}}},"4":{"name":"HAuthError","line":25,"loc":{"start":{"line":25,"column":0},"end":{"line":25,"column":35}}}},"statementMap":{"1":{"start":{"line":2,"column":0},"end":{"line":2,"column":27}},"2":{"start":{"line":4,"column":0},"end":{"line":6,"column":1}},"3":{"start":{"line":5,"column":2},"end":{"line":5,"column":13}},"4":{"start":{"line":8,"column":0},"end":{"line":10,"column":1}},"5":{"start":{"line":9,"column":2},"end":{"line":9,"column":31}},"6":{"start":{"line":12,"column":0},"end":{"line":23,"column":2}},"7":{"start":{"line":16,"column":4},"end":{"line":16,"column":56}},"8":{"start":{"line":25,"column":0},"end":{"line":35,"column":1}},"9":{"start":{"line":26,"column":2},"end":{"line":28,"column":3}},"10":{"start":{"line":27,"column":4},"end":{"line":27,"column":59}},"11":{"start":{"line":30,"column":2},"end":{"line":30,"column":19}},"12":{"start":{"line":32,"column":2},"end":{"line":32,"column":39}},"13":{"start":{"line":34,"column":2},"end":{"line":34,"column":19}},"14":{"start":{"line":37,"column":0},"end":{"line":37,"column":33}},"15":{"start":{"line":39,"column":0},"end":{"line":39,"column":41}},"16":{"start":{"line":41,"column":0},"end":{"line":41,"column":28}}},"branchMap":{"1":{"line":26,"type":"if","locations":[{"start":{"line":26,"column":2},"end":{"line":26,"column":2}},{"start":{"line":26,"column":2},"end":{"line":26,"column":2}}]}},"l":{"2":1,"4":1,"5":10,"8":1,"9":4,"12":1,"16":1,"25":1,"26":16,"27":1,"30":15,"32":15,"34":15,"37":1,"39":1,"41":1}},
"/Users/sf/Desktop/code/habemus/server/h-auth/server/app/models/user.js":{"path":"/Users/sf/Desktop/code/habemus/server/h-auth/server/app/models/user.js","s":{"1":1,"2":1,"3":1,"4":1,"5":1,"6":1,"7":1,"8":8,"9":8,"10":8,"11":8,"12":0,"13":0,"14":8,"15":1,"16":7,"17":7,"18":11,"19":11,"20":11,"21":0,"22":0,"23":11,"24":7,"25":7},"b":{"1":[0,8],"2":[7,7],"3":[0,11]},"f":{"1":8,"2":7,"3":11},"fnMap":{"1":{"name":"(anonymous_1)","line":28,"loc":{"start":{"line":28,"column":38},"end":{"line":28,"column":62}}},"2":{"name":"(anonymous_2)","line":44,"loc":{"start":{"line":44,"column":17},"end":{"line":44,"column":42}}},"3":{"name":"(anonymous_3)","line":48,"loc":{"start":{"line":48,"column":39},"end":{"line":48,"column":63}}}},"statementMap":{"1":{"start":{"line":2,"column":0},"end":{"line":2,"column":35}},"2":{"start":{"line":3,"column":0},"end":{"line":3,"column":33}},"3":{"start":{"line":4,"column":0},"end":{"line":4,"column":35}},"4":{"start":{"line":7,"column":0},"end":{"line":7,"column":31}},"5":{"start":{"line":8,"column":0},"end":{"line":8,"column":31}},"6":{"start":{"line":10,"column":0},"end":{"line":26,"column":3}},"7":{"start":{"line":28,"column":0},"end":{"line":42,"column":2}},"8":{"start":{"line":30,"column":2},"end":{"line":30,"column":23}},"9":{"start":{"line":32,"column":2},"end":{"line":41,"column":5}},"10":{"start":{"line":33,"column":4},"end":{"line":40,"column":7}},"11":{"start":{"line":34,"column":6},"end":{"line":37,"column":7}},"12":{"start":{"line":35,"column":8},"end":{"line":35,"column":20}},"13":{"start":{"line":36,"column":8},"end":{"line":36,"column":15}},"14":{"start":{"line":39,"column":6},"end":{"line":39,"column":22}},"15":{"start":{"line":44,"column":0},"end":{"line":66,"column":1}},"16":{"start":{"line":46,"column":2},"end":{"line":46,"column":61}},"17":{"start":{"line":48,"column":2},"end":{"line":61,"column":4}},"18":{"start":{"line":50,"column":4},"end":{"line":60,"column":7}},"19":{"start":{"line":51,"column":6},"end":{"line":59,"column":9}},"20":{"start":{"line":53,"column":8},"end":{"line":56,"column":9}},"21":{"start":{"line":54,"column":10},"end":{"line":54,"column":22}},"22":{"start":{"line":55,"column":10},"end":{"line":55,"column":17}},"23":{"start":{"line":58,"column":8},"end":{"line":58,"column":22}},"24":{"start":{"line":63,"column":2},"end":{"line":63,"column":44}},"25":{"start":{"line":65,"column":2},"end":{"line":65,"column":14}}},"branchMap":{"1":{"line":34,"type":"if","locations":[{"start":{"line":34,"column":6},"end":{"line":34,"column":6}},{"start":{"line":34,"column":6},"end":{"line":34,"column":6}}]},"2":{"line":46,"type":"binary-expr","locations":[{"start":{"line":46,"column":19},"end":{"line":46,"column":37}},{"start":{"line":46,"column":41},"end":{"line":46,"column":60}}]},"3":{"line":53,"type":"if","locations":[{"start":{"line":53,"column":8},"end":{"line":53,"column":8}},{"start":{"line":53,"column":8},"end":{"line":53,"column":8}}]}},"l":{"2":1,"3":1,"4":1,"7":1,"8":1,"10":1,"28":1,"30":8,"32":8,"33":8,"34":8,"35":0,"36":0,"39":8,"44":1,"46":7,"48":7,"50":11,"51":11,"53":11,"54":0,"55":0,"58":11,"63":7,"65":7}},
"/Users/sf/Desktop/code/habemus/server/h-auth/server/app/controllers/user.js":{"path":"/Users/sf/Desktop/code/habemus/server/h-auth/server/app/controllers/user.js","s":{"1":1,"2":7,"3":7,"4":7,"5":12,"6":1,"7":1,"8":11,"9":11,"10":11,"11":11,"12":9,"13":2,"14":1,"15":2,"16":2,"17":7,"18":1,"19":7,"20":1,"21":7},"b":{"1":[1,11],"2":[1,1],"3":[2,1],"4":[1,1]},"f":{"1":7,"2":12,"3":11,"4":9,"5":2,"6":1,"7":1},"fnMap":{"1":{"name":"(anonymous_1)","line":1,"loc":{"start":{"line":1,"column":17},"end":{"line":1,"column":41}}},"2":{"name":"(anonymous_2)","line":7,"loc":{"start":{"line":7,"column":20},"end":{"line":7,"column":40}}},"3":{"name":"(anonymous_3)","line":17,"loc":{"start":{"line":17,"column":12},"end":{"line":17,"column":28}}},"4":{"name":"(anonymous_4)","line":24,"loc":{"start":{"line":24,"column":12},"end":{"line":24,"column":28}}},"5":{"name":"(anonymous_5)","line":26,"loc":{"start":{"line":26,"column":9},"end":{"line":26,"column":24}}},"6":{"name":"(anonymous_6)","line":47,"loc":{"start":{"line":47,"column":20},"end":{"line":47,"column":40}}},"7":{"name":"(anonymous_7)","line":51,"loc":{"start":{"line":51,"column":21},"end":{"line":51,"column":38}}}},"statementMap":{"1":{"start":{"line":1,"column":0},"end":{"line":60,"column":2}},"2":{"start":{"line":3,"column":2},"end":{"line":3,"column":31}},"3":{"start":{"line":5,"column":2},"end":{"line":5,"column":20}},"4":{"start":{"line":7,"column":2},"end":{"line":45,"column":4}},"5":{"start":{"line":11,"column":4},"end":{"line":14,"column":5}},"6":{"start":{"line":12,"column":6},"end":{"line":12,"column":49}},"7":{"start":{"line":13,"column":6},"end":{"line":13,"column":33}},"8":{"start":{"line":16,"column":4},"end":{"line":44,"column":9}},"9":{"start":{"line":18,"column":8},"end":{"line":18,"column":29}},"10":{"start":{"line":20,"column":8},"end":{"line":20,"column":38}},"11":{"start":{"line":22,"column":8},"end":{"line":22,"column":27}},"12":{"start":{"line":25,"column":8},"end":{"line":25,"column":20}},"13":{"start":{"line":28,"column":8},"end":{"line":36,"column":9}},"14":{"start":{"line":34,"column":10},"end":{"line":34,"column":66}},"15":{"start":{"line":38,"column":8},"end":{"line":40,"column":9}},"16":{"start":{"line":43,"column":8},"end":{"line":43,"column":18}},"17":{"start":{"line":47,"column":2},"end":{"line":49,"column":4}},"18":{"start":{"line":48,"column":4},"end":{"line":48,"column":57}},"19":{"start":{"line":51,"column":2},"end":{"line":53,"column":4}},"20":{"start":{"line":52,"column":4},"end":{"line":52,"column":31}},"21":{"start":{"line":59,"column":2},"end":{"line":59,"column":18}}},"branchMap":{"1":{"line":11,"type":"if","locations":[{"start":{"line":11,"column":4},"end":{"line":11,"column":4}},{"start":{"line":11,"column":4},"end":{"line":11,"column":4}}]},"2":{"line":28,"type":"if","locations":[{"start":{"line":28,"column":8},"end":{"line":28,"column":8}},{"start":{"line":28,"column":8},"end":{"line":28,"column":8}}]},"3":{"line":28,"type":"binary-expr","locations":[{"start":{"line":28,"column":12},"end":{"line":28,"column":37}},{"start":{"line":28,"column":41},"end":{"line":28,"column":59}}]},"4":{"line":38,"type":"if","locations":[{"start":{"line":38,"column":8},"end":{"line":38,"column":8}},{"start":{"line":38,"column":8},"end":{"line":38,"column":8}}]}},"l":{"1":1,"3":7,"5":7,"7":7,"11":12,"12":1,"13":1,"16":11,"18":11,"20":11,"22":11,"25":9,"28":2,"34":1,"38":2,"43":2,"47":7,"48":1,"51":7,"52":1,"59":7}},
"/Users/sf/Desktop/code/habemus/server/h-auth/server/app/controllers/auth.js":{"path":"/Users/sf/Desktop/code/habemus/server/h-auth/server/app/controllers/auth.js","s":{"1":1,"2":1,"3":1,"4":7,"5":7,"6":7,"7":7,"8":7,"9":11,"10":1,"11":10,"12":1,"13":9,"14":9,"15":9,"16":1,"17":8,"18":8,"19":8,"20":1,"21":7,"22":7,"23":7,"24":7,"25":7,"26":1,"27":6,"28":6,"29":6,"30":1,"31":5,"32":7},"b":{"1":[7,7],"2":[1,10],"3":[1,9],"4":[1,8],"5":[1,7],"6":[1,6],"7":[1,5]},"f":{"1":7,"2":11,"3":7},"fnMap":{"1":{"name":"(anonymous_1)","line":6,"loc":{"start":{"line":6,"column":17},"end":{"line":6,"column":41}}},"2":{"name":"(anonymous_2)","line":20,"loc":{"start":{"line":20,"column":27},"end":{"line":20,"column":66}}},"3":{"name":"(anonymous_3)","line":62,"loc":{"start":{"line":62,"column":25},"end":{"line":62,"column":42}}}},"statementMap":{"1":{"start":{"line":2,"column":0},"end":{"line":2,"column":36}},"2":{"start":{"line":4,"column":0},"end":{"line":4,"column":34}},"3":{"start":{"line":6,"column":0},"end":{"line":81,"column":2}},"4":{"start":{"line":8,"column":2},"end":{"line":8,"column":67}},"5":{"start":{"line":9,"column":2},"end":{"line":9,"column":32}},"6":{"start":{"line":10,"column":2},"end":{"line":10,"column":33}},"7":{"start":{"line":12,"column":2},"end":{"line":12,"column":20}},"8":{"start":{"line":20,"column":2},"end":{"line":55,"column":4}},"9":{"start":{"line":22,"column":4},"end":{"line":22,"column":79}},"10":{"start":{"line":22,"column":21},"end":{"line":22,"column":77}},"11":{"start":{"line":23,"column":4},"end":{"line":23,"column":79}},"12":{"start":{"line":23,"column":21},"end":{"line":23,"column":77}},"13":{"start":{"line":25,"column":4},"end":{"line":25,"column":14}},"14":{"start":{"line":27,"column":4},"end":{"line":54,"column":9}},"15":{"start":{"line":30,"column":8},"end":{"line":32,"column":9}},"16":{"start":{"line":31,"column":10},"end":{"line":31,"column":60}},"17":{"start":{"line":35,"column":8},"end":{"line":35,"column":21}},"18":{"start":{"line":37,"column":8},"end":{"line":37,"column":48}},"19":{"start":{"line":41,"column":8},"end":{"line":43,"column":9}},"20":{"start":{"line":42,"column":10},"end":{"line":42,"column":52}},"21":{"start":{"line":45,"column":8},"end":{"line":53,"column":11}},"22":{"start":{"line":47,"column":10},"end":{"line":50,"column":12}},"23":{"start":{"line":52,"column":10},"end":{"line":52,"column":75}},"24":{"start":{"line":62,"column":2},"end":{"line":77,"column":4}},"25":{"start":{"line":64,"column":4},"end":{"line":64,"column":73}},"26":{"start":{"line":64,"column":18},"end":{"line":64,"column":71}},"27":{"start":{"line":66,"column":4},"end":{"line":75,"column":7}},"28":{"start":{"line":68,"column":6},"end":{"line":74,"column":9}},"29":{"start":{"line":69,"column":8},"end":{"line":73,"column":9}},"30":{"start":{"line":70,"column":10},"end":{"line":70,"column":48}},"31":{"start":{"line":72,"column":10},"end":{"line":72,"column":27}},"32":{"start":{"line":79,"column":2},"end":{"line":79,"column":18}}},"branchMap":{"1":{"line":8,"type":"binary-expr","locations":[{"start":{"line":8,"column":23},"end":{"line":8,"column":42}},{"start":{"line":8,"column":46},"end":{"line":8,"column":66}}]},"2":{"line":22,"type":"if","locations":[{"start":{"line":22,"column":4},"end":{"line":22,"column":4}},{"start":{"line":22,"column":4},"end":{"line":22,"column":4}}]},"3":{"line":23,"type":"if","locations":[{"start":{"line":23,"column":4},"end":{"line":23,"column":4}},{"start":{"line":23,"column":4},"end":{"line":23,"column":4}}]},"4":{"line":30,"type":"if","locations":[{"start":{"line":30,"column":8},"end":{"line":30,"column":8}},{"start":{"line":30,"column":8},"end":{"line":30,"column":8}}]},"5":{"line":41,"type":"if","locations":[{"start":{"line":41,"column":8},"end":{"line":41,"column":8}},{"start":{"line":41,"column":8},"end":{"line":41,"column":8}}]},"6":{"line":64,"type":"if","locations":[{"start":{"line":64,"column":4},"end":{"line":64,"column":4}},{"start":{"line":64,"column":4},"end":{"line":64,"column":4}}]},"7":{"line":69,"type":"if","locations":[{"start":{"line":69,"column":8},"end":{"line":69,"column":8}},{"start":{"line":69,"column":8},"end":{"line":69,"column":8}}]}},"l":{"2":1,"4":1,"6":1,"8":7,"9":7,"10":7,"12":7,"20":7,"22":11,"23":10,"25":9,"27":9,"30":9,"31":1,"35":8,"37":8,"41":8,"42":1,"45":7,"47":7,"52":7,"62":7,"64":7,"66":6,"68":6,"69":6,"70":1,"72":5,"79":7}},
"/Users/sf/Desktop/code/habemus/server/h-auth/server/app/middleware/authenticate.js":{"path":"/Users/sf/Desktop/code/habemus/server/h-auth/server/app/middleware/authenticate.js","s":{"1":1,"2":7,"3":1,"4":8,"5":8,"6":3,"7":5,"8":5,"9":1,"10":4,"11":7,"12":8,"13":8,"14":4,"15":4,"16":4,"17":4,"18":4},"b":{"1":[3,5],"2":[1,4],"3":[4,4]},"f":{"1":7,"2":8,"3":8,"4":4},"fnMap":{"1":{"name":"(anonymous_1)","line":1,"loc":{"start":{"line":1,"column":17},"end":{"line":1,"column":41}}},"2":{"name":"parseToken","line":5,"loc":{"start":{"line":5,"column":2},"end":{"line":5,"column":27}}},"3":{"name":"(anonymous_3)","line":19,"loc":{"start":{"line":19,"column":9},"end":{"line":19,"column":35}}},"4":{"name":"(anonymous_4)","line":28,"loc":{"start":{"line":28,"column":12},"end":{"line":28,"column":31}}}},"statementMap":{"1":{"start":{"line":1,"column":0},"end":{"line":36,"column":2}},"2":{"start":{"line":3,"column":2},"end":{"line":3,"column":43}},"3":{"start":{"line":5,"column":2},"end":{"line":17,"column":3}},"4":{"start":{"line":6,"column":4},"end":{"line":6,"column":58}},"5":{"start":{"line":8,"column":4},"end":{"line":8,"column":47}},"6":{"start":{"line":8,"column":32},"end":{"line":8,"column":45}},"7":{"start":{"line":10,"column":4},"end":{"line":10,"column":59}},"8":{"start":{"line":12,"column":4},"end":{"line":16,"column":5}},"9":{"start":{"line":13,"column":6},"end":{"line":13,"column":19}},"10":{"start":{"line":15,"column":6},"end":{"line":15,"column":22}},"11":{"start":{"line":19,"column":2},"end":{"line":35,"column":4}},"12":{"start":{"line":20,"column":4},"end":{"line":20,"column":32}},"13":{"start":{"line":22,"column":4},"end":{"line":25,"column":5}},"14":{"start":{"line":23,"column":6},"end":{"line":23,"column":49}},"15":{"start":{"line":24,"column":6},"end":{"line":24,"column":13}},"16":{"start":{"line":27,"column":4},"end":{"line":33,"column":15}},"17":{"start":{"line":30,"column":8},"end":{"line":30,"column":27}},"18":{"start":{"line":32,"column":8},"end":{"line":32,"column":15}}},"branchMap":{"1":{"line":8,"type":"if","locations":[{"start":{"line":8,"column":4},"end":{"line":8,"column":4}},{"start":{"line":8,"column":4},"end":{"line":8,"column":4}}]},"2":{"line":12,"type":"if","locations":[{"start":{"line":12,"column":4},"end":{"line":12,"column":4}},{"start":{"line":12,"column":4},"end":{"line":12,"column":4}}]},"3":{"line":22,"type":"if","locations":[{"start":{"line":22,"column":4},"end":{"line":22,"column":4}},{"start":{"line":22,"column":4},"end":{"line":22,"column":4}}]}},"l":{"1":1,"3":7,"5":1,"6":8,"8":8,"10":5,"12":5,"13":1,"15":4,"19":7,"20":8,"22":8,"23":4,"24":4,"27":4,"30":4,"32":4}},
"/Users/sf/Desktop/code/habemus/server/h-auth/server/app/routes/user.js":{"path":"/Users/sf/Desktop/code/habemus/server/h-auth/server/app/routes/user.js","s":{"1":1,"2":1,"3":1,"4":7,"5":12,"6":9,"7":7,"8":2,"9":1,"10":1,"11":1,"12":1,"13":0,"14":0,"15":1,"16":7,"17":2,"18":1,"19":1,"20":1,"21":1},"b":{"1":[1,1],"2":[0,1],"3":[1,1]},"f":{"1":7,"2":12,"3":2,"4":2},"fnMap":{"1":{"name":"(anonymous_1)","line":9,"loc":{"start":{"line":9,"column":17},"end":{"line":9,"column":41}}},"2":{"name":"(anonymous_2)","line":14,"loc":{"start":{"line":14,"column":4},"end":{"line":14,"column":30}}},"3":{"name":"(anonymous_3)","line":25,"loc":{"start":{"line":25,"column":4},"end":{"line":25,"column":30}}},"4":{"name":"(anonymous_4)","line":50,"loc":{"start":{"line":50,"column":4},"end":{"line":50,"column":30}}}},"statementMap":{"1":{"start":{"line":2,"column":0},"end":{"line":2,"column":40}},"2":{"start":{"line":4,"column":0},"end":{"line":7,"column":2}},"3":{"start":{"line":9,"column":0},"end":{"line":66,"column":2}},"4":{"start":{"line":11,"column":2},"end":{"line":21,"column":4}},"5":{"start":{"line":16,"column":6},"end":{"line":19,"column":17}},"6":{"start":{"line":18,"column":10},"end":{"line":18,"column":56}},"7":{"start":{"line":23,"column":2},"end":{"line":46,"column":4}},"8":{"start":{"line":29,"column":6},"end":{"line":32,"column":7}},"9":{"start":{"line":30,"column":8},"end":{"line":30,"column":44}},"10":{"start":{"line":31,"column":8},"end":{"line":31,"column":15}},"11":{"start":{"line":34,"column":6},"end":{"line":44,"column":21}},"12":{"start":{"line":37,"column":10},"end":{"line":40,"column":11}},"13":{"start":{"line":38,"column":12},"end":{"line":38,"column":52}},"14":{"start":{"line":39,"column":12},"end":{"line":39,"column":19}},"15":{"start":{"line":42,"column":10},"end":{"line":42,"column":37}},"16":{"start":{"line":48,"column":2},"end":{"line":65,"column":4}},"17":{"start":{"line":54,"column":6},"end":{"line":57,"column":7}},"18":{"start":{"line":55,"column":8},"end":{"line":55,"column":44}},"19":{"start":{"line":56,"column":8},"end":{"line":56,"column":15}},"20":{"start":{"line":59,"column":6},"end":{"line":63,"column":21}},"21":{"start":{"line":61,"column":10},"end":{"line":61,"column":48}}},"branchMap":{"1":{"line":29,"type":"if","locations":[{"start":{"line":29,"column":6},"end":{"line":29,"column":6}},{"start":{"line":29,"column":6},"end":{"line":29,"column":6}}]},"2":{"line":37,"type":"if","locations":[{"start":{"line":37,"column":10},"end":{"line":37,"column":10}},{"start":{"line":37,"column":10},"end":{"line":37,"column":10}}]},"3":{"line":54,"type":"if","locations":[{"start":{"line":54,"column":6},"end":{"line":54,"column":6}},{"start":{"line":54,"column":6},"end":{"line":54,"column":6}}]}},"l":{"2":1,"4":1,"9":1,"11":7,"16":12,"18":9,"23":7,"29":2,"30":1,"31":1,"34":1,"37":1,"38":0,"39":0,"42":1,"48":7,"54":2,"55":1,"56":1,"59":1,"61":1}},
"/Users/sf/Desktop/code/habemus/server/h-auth/server/app/routes/auth.js":{"path":"/Users/sf/Desktop/code/habemus/server/h-auth/server/app/routes/auth.js","s":{"1":1,"2":1,"3":7,"4":11,"5":11,"6":11,"7":7,"8":4,"9":7,"10":3,"11":3,"12":1,"13":2},"b":{},"f":{"1":7,"2":11,"3":3},"fnMap":{"1":{"name":"(anonymous_1)","line":4,"loc":{"start":{"line":4,"column":17},"end":{"line":4,"column":41}}},"2":{"name":"(anonymous_2)","line":8,"loc":{"start":{"line":8,"column":4},"end":{"line":8,"column":30}}},"3":{"name":"(anonymous_3)","line":28,"loc":{"start":{"line":28,"column":4},"end":{"line":28,"column":30}}}},"statementMap":{"1":{"start":{"line":2,"column":0},"end":{"line":2,"column":40}},"2":{"start":{"line":4,"column":0},"end":{"line":47,"column":2}},"3":{"start":{"line":6,"column":2},"end":{"line":24,"column":4}},"4":{"start":{"line":10,"column":6},"end":{"line":10,"column":39}},"5":{"start":{"line":11,"column":6},"end":{"line":11,"column":39}},"6":{"start":{"line":13,"column":6},"end":{"line":22,"column":11}},"7":{"start":{"line":16,"column":10},"end":{"line":18,"column":13}},"8":{"start":{"line":21,"column":10},"end":{"line":21,"column":20}},"9":{"start":{"line":26,"column":2},"end":{"line":46,"column":4}},"10":{"start":{"line":30,"column":6},"end":{"line":30,"column":33}},"11":{"start":{"line":32,"column":6},"end":{"line":44,"column":11}},"12":{"start":{"line":35,"column":10},"end":{"line":40,"column":13}},"13":{"start":{"line":43,"column":10},"end":{"line":43,"column":20}}},"branchMap":{},"l":{"2":1,"4":1,"6":7,"10":11,"11":11,"13":11,"16":7,"21":4,"26":7,"30":3,"32":3,"35":1,"43":2}},
"/Users/sf/Desktop/code/habemus/server/h-auth/server/app/error-handlers/validation-error.js":{"path":"/Users/sf/Desktop/code/habemus/server/h-auth/server/app/error-handlers/validation-error.js","s":{"1":1,"2":7,"3":15,"4":1,"5":14},"b":{"1":[1,14]},"f":{"1":7,"2":15},"fnMap":{"1":{"name":"(anonymous_1)","line":1,"loc":{"start":{"line":1,"column":17},"end":{"line":1,"column":41}}},"2":{"name":"(anonymous_2)","line":3,"loc":{"start":{"line":3,"column":10},"end":{"line":3,"column":41}}}},"statementMap":{"1":{"start":{"line":1,"column":0},"end":{"line":14,"column":1}},"2":{"start":{"line":3,"column":2},"end":{"line":12,"column":5}},"3":{"start":{"line":5,"column":4},"end":{"line":10,"column":5}},"4":{"start":{"line":6,"column":6},"end":{"line":6,"column":31}},"5":{"start":{"line":9,"column":6},"end":{"line":9,"column":16}}},"branchMap":{"1":{"line":5,"type":"if","locations":[{"start":{"line":5,"column":4},"end":{"line":5,"column":4}},{"start":{"line":5,"column":4},"end":{"line":5,"column":4}}]}},"l":{"1":1,"3":7,"5":15,"6":1,"9":14}},
"/Users/sf/Desktop/code/habemus/server/h-auth/server/app/error-handlers/h-auth-error.js":{"path":"/Users/sf/Desktop/code/habemus/server/h-auth/server/app/error-handlers/h-auth-error.js","s":{"1":1,"2":7,"3":14,"4":14,"5":14,"6":1,"7":1,"8":1,"9":2,"10":2,"11":2,"12":1,"13":1,"14":1,"15":7,"16":7,"17":7,"18":3,"19":3,"20":3,"21":0,"22":0,"23":0},"b":{"1":[14,0],"2":[1,1,2,1,5,7,1,3,0]},"f":{"1":7,"2":14},"fnMap":{"1":{"name":"(anonymous_1)","line":1,"loc":{"start":{"line":1,"column":17},"end":{"line":1,"column":41}}},"2":{"name":"(anonymous_2)","line":3,"loc":{"start":{"line":3,"column":10},"end":{"line":3,"column":41}}}},"statementMap":{"1":{"start":{"line":1,"column":0},"end":{"line":41,"column":2}},"2":{"start":{"line":3,"column":2},"end":{"line":40,"column":5}},"3":{"start":{"line":4,"column":4},"end":{"line":39,"column":5}},"4":{"start":{"line":6,"column":6},"end":{"line":6,"column":42}},"5":{"start":{"line":8,"column":6},"end":{"line":35,"column":7}},"6":{"start":{"line":10,"column":10},"end":{"line":10,"column":41}},"7":{"start":{"line":11,"column":10},"end":{"line":11,"column":36}},"8":{"start":{"line":12,"column":10},"end":{"line":12,"column":16}},"9":{"start":{"line":15,"column":10},"end":{"line":15,"column":44}},"10":{"start":{"line":16,"column":10},"end":{"line":16,"column":36}},"11":{"start":{"line":17,"column":10},"end":{"line":17,"column":16}},"12":{"start":{"line":19,"column":10},"end":{"line":19,"column":41}},"13":{"start":{"line":20,"column":10},"end":{"line":20,"column":36}},"14":{"start":{"line":21,"column":10},"end":{"line":21,"column":16}},"15":{"start":{"line":24,"column":10},"end":{"line":24,"column":41}},"16":{"start":{"line":25,"column":10},"end":{"line":25,"column":36}},"17":{"start":{"line":26,"column":10},"end":{"line":26,"column":16}},"18":{"start":{"line":29,"column":10},"end":{"line":29,"column":41}},"19":{"start":{"line":30,"column":10},"end":{"line":30,"column":36}},"20":{"start":{"line":31,"column":10},"end":{"line":31,"column":16}},"21":{"start":{"line":33,"column":10},"end":{"line":33,"column":20}},"22":{"start":{"line":34,"column":10},"end":{"line":34,"column":16}},"23":{"start":{"line":38,"column":6},"end":{"line":38,"column":16}}},"branchMap":{"1":{"line":4,"type":"if","locations":[{"start":{"line":4,"column":4},"end":{"line":4,"column":4}},{"start":{"line":4,"column":4},"end":{"line":4,"column":4}}]},"2":{"line":8,"type":"switch","locations":[{"start":{"line":9,"column":8},"end":{"line":12,"column":16}},{"start":{"line":13,"column":8},"end":{"line":13,"column":32}},{"start":{"line":14,"column":8},"end":{"line":17,"column":16}},{"start":{"line":18,"column":8},"end":{"line":21,"column":16}},{"start":{"line":22,"column":8},"end":{"line":22,"column":28}},{"start":{"line":23,"column":8},"end":{"line":26,"column":16}},{"start":{"line":27,"column":8},"end":{"line":27,"column":31}},{"start":{"line":28,"column":8},"end":{"line":31,"column":16}},{"start":{"line":32,"column":8},"end":{"line":34,"column":16}}]}},"l":{"1":1,"3":7,"4":14,"6":14,"8":14,"10":1,"11":1,"12":1,"15":2,"16":2,"17":2,"19":1,"20":1,"21":1,"24":7,"25":7,"26":7,"29":3,"30":3,"31":3,"33":0,"34":0,"38":0}}}
