TN:
SF:/Users/sf/Desktop/code/habemus/server/h-auth/server/index.js
FN:17,createHabemusAuth
FN:36,(anonymous_2)
FN:62,(anonymous_3)
FN:65,(anonymous_4)
FN:73,(anonymous_5)
FNF:5
FNH:3
FNDA:3,createHabemusAuth
FNDA:0,(anonymous_2)
FNDA:19,(anonymous_3)
FNDA:4,(anonymous_4)
FNDA:0,(anonymous_5)
DA:2,1
DA:5,1
DA:6,1
DA:7,1
DA:8,1
DA:9,1
DA:12,1
DA:17,1
DA:18,3
DA:19,3
DA:22,3
DA:25,3
DA:28,3
DA:31,3
DA:33,3
DA:36,3
DA:37,0
DA:43,3
DA:45,3
DA:48,3
DA:49,3
DA:52,3
DA:53,3
DA:54,3
DA:57,3
DA:58,3
DA:62,3
DA:65,19
DA:66,4
DA:68,4
DA:70,4
DA:73,19
DA:74,0
DA:76,0
DA:77,0
DA:80,19
DA:85,3
DA:86,3
DA:89,3
DA:90,3
DA:92,3
DA:95,1
LF:42
LH:38
BRDA:18,1,0,0
BRDA:18,1,1,3
BRDA:19,2,0,0
BRDA:19,2,1,3
BRF:4
BRH:2
end_of_record
TN:
SF:/Users/sf/Desktop/code/habemus/server/h-auth/server/app/errors/h-auth-error.js
FN:4,echo
FN:8,invalidCredentials
FN:15,(anonymous_3)
FN:24,HAuthError
FNF:4
FNH:4
FNDA:5,echo
FNDA:1,invalidCredentials
FNDA:1,(anonymous_3)
FNDA:7,HAuthError
DA:2,1
DA:4,1
DA:5,5
DA:8,1
DA:9,1
DA:12,1
DA:16,1
DA:24,1
DA:25,7
DA:26,0
DA:29,7
DA:31,7
DA:33,7
DA:36,1
DA:38,1
DA:40,1
LF:16
LH:15
BRDA:25,1,0,0
BRDA:25,1,1,7
BRF:2
BRH:1
end_of_record
TN:
SF:/Users/sf/Desktop/code/habemus/server/h-auth/server/app/models/user.js
FN:28,(anonymous_1)
FN:44,(anonymous_2)
FN:48,(anonymous_3)
FNF:3
FNH:3
FNDA:4,(anonymous_1)
FNDA:3,(anonymous_2)
FNDA:7,(anonymous_3)
DA:2,1
DA:3,1
DA:4,1
DA:7,1
DA:8,1
DA:10,1
DA:28,1
DA:30,4
DA:32,4
DA:33,4
DA:34,4
DA:35,0
DA:36,0
DA:39,4
DA:44,1
DA:46,3
DA:48,3
DA:50,7
DA:51,7
DA:53,7
DA:54,0
DA:55,0
DA:58,7
DA:63,3
DA:65,3
LF:25
LH:21
BRDA:34,1,0,0
BRDA:34,1,1,4
BRDA:46,2,0,3
BRDA:46,2,1,3
BRDA:53,3,0,0
BRDA:53,3,1,7
BRF:6
BRH:4
end_of_record
TN:
SF:/Users/sf/Desktop/code/habemus/server/h-auth/server/app/controllers/user.js
FN:1,(anonymous_1)
FN:7,(anonymous_2)
FN:17,(anonymous_3)
FN:24,(anonymous_4)
FN:26,(anonymous_5)
FN:46,(anonymous_6)
FN:50,(anonymous_7)
FN:54,(anonymous_8)
FNF:8
FNH:7
FNDA:3,(anonymous_1)
FNDA:8,(anonymous_2)
FNDA:7,(anonymous_3)
FNDA:5,(anonymous_4)
FNDA:2,(anonymous_5)
FNDA:1,(anonymous_6)
FNDA:1,(anonymous_7)
FNDA:0,(anonymous_8)
DA:1,1
DA:3,3
DA:5,3
DA:7,3
DA:11,8
DA:12,1
DA:13,1
DA:16,7
DA:18,7
DA:20,7
DA:22,7
DA:25,5
DA:28,2
DA:32,1
DA:34,1
DA:35,1
DA:37,1
DA:40,0
DA:46,3
DA:47,1
DA:50,3
DA:51,1
DA:54,3
DA:55,0
DA:58,3
LF:25
LH:23
BRDA:11,1,0,1
BRDA:11,1,1,7
BRDA:28,2,0,1
BRDA:28,2,1,1
BRDA:28,3,0,2
BRDA:28,3,1,1
BRDA:35,4,0,1
BRDA:35,4,1,0
BRF:8
BRH:7
end_of_record
TN:
SF:/Users/sf/Desktop/code/habemus/server/h-auth/server/app/controllers/auth.js
FN:7,(anonymous_1)
FN:23,(anonymous_2)
FN:65,(anonymous_3)
FNF:3
FNH:3
FNDA:3,(anonymous_1)
FNDA:4,(anonymous_2)
FNDA:4,(anonymous_3)
DA:2,1
DA:3,1
DA:5,1
DA:7,1
DA:9,3
DA:11,3
DA:12,3
DA:13,3
DA:15,3
DA:23,3
DA:25,4
DA:26,4
DA:28,4
DA:30,4
DA:33,4
DA:34,0
DA:38,4
DA:40,4
DA:44,4
DA:45,0
DA:48,4
DA:50,4
DA:55,4
DA:65,3
DA:67,4
DA:69,4
DA:71,4
DA:72,4
DA:73,1
DA:75,3
DA:82,3
LF:31
LH:29
BRDA:9,1,0,0
BRDA:9,1,1,3
BRDA:11,2,0,3
BRDA:11,2,1,3
BRDA:25,3,0,0
BRDA:25,3,1,4
BRDA:26,4,0,0
BRDA:26,4,1,4
BRDA:33,5,0,0
BRDA:33,5,1,4
BRDA:44,6,0,0
BRDA:44,6,1,4
BRDA:67,7,0,0
BRDA:67,7,1,4
BRDA:72,8,0,1
BRDA:72,8,1,3
BRF:16
BRH:10
end_of_record
TN:
SF:/Users/sf/Desktop/code/habemus/server/h-auth/server/app/middleware/authenticate.js
FN:1,(anonymous_1)
FN:5,parseToken
FN:19,(anonymous_3)
FN:28,(anonymous_4)
FNF:4
FNH:4
FNDA:3,(anonymous_1)
FNDA:7,parseToken
FNDA:7,(anonymous_3)
FNDA:3,(anonymous_4)
DA:1,1
DA:3,3
DA:5,1
DA:6,7
DA:8,7
DA:10,4
DA:12,4
DA:13,0
DA:15,4
DA:19,3
DA:20,7
DA:22,7
DA:23,3
DA:24,3
DA:27,4
DA:30,3
DA:32,3
LF:17
LH:16
BRDA:8,1,0,3
BRDA:8,1,1,4
BRDA:12,2,0,0
BRDA:12,2,1,4
BRDA:22,3,0,3
BRDA:22,3,1,4
BRF:6
BRH:5
end_of_record
TN:
SF:/Users/sf/Desktop/code/habemus/server/h-auth/server/app/routes/user.js
FN:9,(anonymous_1)
FN:14,(anonymous_2)
FN:30,(anonymous_3)
FN:61,(anonymous_4)
FNF:4
FNH:4
FNDA:3,(anonymous_1)
FNDA:8,(anonymous_2)
FNDA:2,(anonymous_3)
FNDA:1,(anonymous_4)
DA:2,1
DA:4,1
DA:9,1
DA:11,3
DA:16,8
DA:19,5
DA:21,5
DA:23,5
DA:28,3
DA:34,2
DA:35,1
DA:36,1
DA:39,1
DA:42,1
DA:44,1
DA:45,1
DA:47,1
DA:50,0
DA:52,0
DA:59,3
DA:65,1
DA:66,0
DA:67,0
DA:70,1
DA:72,1
DA:74,1
DA:76,1
LF:27
LH:23
BRDA:34,1,0,1
BRDA:34,1,1,1
BRDA:44,2,0,1
BRDA:44,2,1,0
BRDA:65,3,0,0
BRDA:65,3,1,1
BRF:6
BRH:4
end_of_record
TN:
SF:/Users/sf/Desktop/code/habemus/server/h-auth/server/app/routes/auth.js
FN:4,(anonymous_1)
FN:8,(anonymous_2)
FN:28,(anonymous_3)
FNF:3
FNH:2
FNDA:3,(anonymous_1)
FNDA:4,(anonymous_2)
FNDA:0,(anonymous_3)
DA:2,1
DA:4,1
DA:6,3
DA:10,4
DA:11,4
DA:13,4
DA:16,4
DA:21,0
DA:26,3
DA:30,0
DA:32,0
DA:35,0
DA:41,0
LF:13
LH:8
BRF:0
BRH:0
end_of_record
TN:
SF:/Users/sf/Desktop/code/habemus/server/h-auth/server/app/error-handlers/validation-error.js
FN:1,(anonymous_1)
FN:3,(anonymous_2)
FNF:2
FNH:2
FNDA:3,(anonymous_1)
FNDA:8,(anonymous_2)
DA:1,1
DA:3,3
DA:5,8
DA:6,1
DA:9,7
LF:5
LH:5
BRDA:5,1,0,1
BRDA:5,1,1,7
BRF:2
BRH:2
end_of_record
TN:
SF:/Users/sf/Desktop/code/habemus/server/h-auth/server/app/error-handlers/h-auth-error.js
FN:1,(anonymous_1)
FN:3,(anonymous_2)
FNF:2
FNH:2
FNDA:3,(anonymous_1)
FNDA:7,(anonymous_2)
DA:1,1
DA:3,3
DA:4,7
DA:6,7
DA:8,1
DA:9,1
DA:12,0
DA:13,0
DA:16,5
DA:17,5
DA:19,1
DA:20,1
DA:22,0
DA:23,0
DA:27,0
LF:15
LH:10
BRDA:4,1,0,7
BRDA:4,1,1,0
BRDA:6,2,0,1
BRDA:6,2,1,0
BRDA:6,2,2,0
BRDA:6,2,3,4
BRDA:6,2,4,5
BRDA:6,2,5,1
BRDA:6,2,6,0
BRF:9
BRH:5
end_of_record
