TN:
SF:/Users/sf/Desktop/code/habemus/server/h-auth/server/index.js
FN:17,createHabemusAuth
FN:57,(anonymous_2)
FN:60,(anonymous_3)
FN:80,(anonymous_4)
FNF:4
FNH:4
FNDA:10,createHabemusAuth
FNDA:35,(anonymous_2)
FNDA:20,(anonymous_3)
FNDA:1,(anonymous_4)
DA:2,1
DA:5,1
DA:6,1
DA:7,1
DA:8,1
DA:9,1
DA:12,1
DA:17,1
DA:18,10
DA:19,9
DA:20,8
DA:23,7
DA:26,7
DA:29,7
DA:32,7
DA:34,7
DA:37,7
DA:39,7
DA:42,7
DA:43,7
DA:44,7
DA:47,7
DA:48,7
DA:49,7
DA:52,7
DA:53,7
DA:57,7
DA:60,35
DA:61,20
DA:63,20
DA:65,20
DA:75,35
DA:80,7
DA:81,1
DA:89,7
DA:90,7
DA:93,7
DA:94,7
DA:96,7
DA:99,1
LF:40
LH:40
BRDA:18,1,0,1
BRDA:18,1,1,9
BRDA:19,2,0,1
BRDA:19,2,1,8
BRDA:20,3,0,1
BRDA:20,3,1,7
BRF:6
BRH:6
end_of_record
TN:
SF:/Users/sf/Desktop/code/habemus/server/h-auth/server/app/errors/h-auth-error.js
FN:4,echo
FN:8,invalidCredentials
FN:15,(anonymous_3)
FN:27,HAuthError
FNF:4
FNH:4
FNDA:10,echo
FNDA:4,invalidCredentials
FNDA:1,(anonymous_3)
FNDA:16,HAuthError
DA:2,1
DA:4,1
DA:5,10
DA:8,1
DA:9,4
DA:12,1
DA:16,1
DA:27,1
DA:28,16
DA:29,1
DA:32,15
DA:34,15
DA:36,15
DA:39,1
DA:41,1
DA:43,1
LF:16
LH:16
BRDA:28,1,0,1
BRDA:28,1,1,15
BRF:2
BRH:2
end_of_record
TN:
SF:/Users/sf/Desktop/code/habemus/server/h-auth/server/app/models/user.js
FN:28,(anonymous_1)
FN:44,(anonymous_2)
FN:48,(anonymous_3)
FNF:3
FNH:3
FNDA:8,(anonymous_1)
FNDA:7,(anonymous_2)
FNDA:11,(anonymous_3)
DA:2,1
DA:3,1
DA:4,1
DA:7,1
DA:8,1
DA:10,1
DA:28,1
DA:30,8
DA:32,8
DA:33,8
DA:34,8
DA:35,0
DA:36,0
DA:39,8
DA:44,1
DA:46,7
DA:48,7
DA:50,11
DA:51,11
DA:53,11
DA:54,0
DA:55,0
DA:58,11
DA:63,7
DA:65,7
LF:25
LH:21
BRDA:34,1,0,0
BRDA:34,1,1,8
BRDA:46,2,0,7
BRDA:46,2,1,7
BRDA:53,3,0,0
BRDA:53,3,1,11
BRF:6
BRH:4
end_of_record
TN:
SF:/Users/sf/Desktop/code/habemus/server/h-auth/server/app/models/token-revocation-entry.js
FN:14,(anonymous_1)
FNF:1
FNH:1
FNDA:7,(anonymous_1)
DA:2,1
DA:5,1
DA:7,1
DA:14,1
DA:16,7
DA:18,7
LF:6
LH:6
BRF:0
BRH:0
end_of_record
TN:
SF:/Users/sf/Desktop/code/habemus/server/h-auth/server/app/controllers/user.js
FN:1,(anonymous_1)
FN:7,(anonymous_2)
FN:17,(anonymous_3)
FN:24,(anonymous_4)
FN:26,(anonymous_5)
FN:47,(anonymous_6)
FN:51,(anonymous_7)
FNF:7
FNH:7
FNDA:7,(anonymous_1)
FNDA:12,(anonymous_2)
FNDA:11,(anonymous_3)
FNDA:9,(anonymous_4)
FNDA:2,(anonymous_5)
FNDA:1,(anonymous_6)
FNDA:1,(anonymous_7)
DA:1,1
DA:3,7
DA:5,7
DA:7,7
DA:11,12
DA:12,1
DA:13,1
DA:16,11
DA:18,11
DA:20,11
DA:22,11
DA:25,9
DA:28,2
DA:34,1
DA:38,2
DA:43,2
DA:47,7
DA:48,1
DA:51,7
DA:52,1
DA:59,7
LF:21
LH:21
BRDA:11,1,0,1
BRDA:11,1,1,11
BRDA:28,2,0,1
BRDA:28,2,1,1
BRDA:28,3,0,2
BRDA:28,3,1,1
BRDA:38,4,0,1
BRDA:38,4,1,1
BRF:8
BRH:8
end_of_record
TN:
SF:/Users/sf/Desktop/code/habemus/server/h-auth/server/app/controllers/auth.js
FN:7,(anonymous_1)
FN:22,(anonymous_2)
FN:74,(anonymous_3)
FN:104,(anonymous_4)
FNF:4
FNH:3
FNDA:7,(anonymous_1)
FNDA:11,(anonymous_2)
FNDA:7,(anonymous_3)
FNDA:0,(anonymous_4)
DA:2,1
DA:3,1
DA:5,1
DA:7,1
DA:9,7
DA:10,7
DA:11,7
DA:12,7
DA:14,7
DA:22,7
DA:24,11
DA:25,10
DA:27,9
DA:29,9
DA:32,9
DA:33,1
DA:37,8
DA:39,8
DA:43,8
DA:44,1
DA:47,7
DA:49,7
DA:54,7
DA:64,7
DA:74,7
DA:76,7
DA:78,6
DA:80,6
DA:81,6
DA:82,1
DA:86,5
DA:90,5
DA:91,0
DA:92,5
DA:93,0
DA:95,5
DA:104,7
DA:106,0
DA:108,0
DA:112,0
DA:115,7
LF:41
LH:36
BRDA:9,1,0,7
BRDA:9,1,1,7
BRDA:24,2,0,1
BRDA:24,2,1,10
BRDA:25,3,0,1
BRDA:25,3,1,9
BRDA:32,4,0,1
BRDA:32,4,1,8
BRDA:43,5,0,1
BRDA:43,5,1,7
BRDA:76,6,0,1
BRDA:76,6,1,6
BRDA:81,7,0,1
BRDA:81,7,1,5
BRDA:90,8,0,0
BRDA:90,8,1,5
BRDA:92,9,0,0
BRDA:92,9,1,5
BRDA:106,10,0,0
BRDA:106,10,1,0
BRF:20
BRH:16
end_of_record
TN:
SF:/Users/sf/Desktop/code/habemus/server/h-auth/server/app/middleware/authenticate.js
FN:1,(anonymous_1)
FN:5,parseToken
FN:19,(anonymous_3)
FN:28,(anonymous_4)
FNF:4
FNH:4
FNDA:7,(anonymous_1)
FNDA:8,parseToken
FNDA:8,(anonymous_3)
FNDA:4,(anonymous_4)
DA:1,1
DA:3,7
DA:5,1
DA:6,8
DA:8,8
DA:10,5
DA:12,5
DA:13,1
DA:15,4
DA:19,7
DA:20,8
DA:22,8
DA:23,4
DA:24,4
DA:27,4
DA:30,4
DA:32,4
LF:17
LH:17
BRDA:8,1,0,3
BRDA:8,1,1,5
BRDA:12,2,0,1
BRDA:12,2,1,4
BRDA:22,3,0,4
BRDA:22,3,1,4
BRF:6
BRH:6
end_of_record
TN:
SF:/Users/sf/Desktop/code/habemus/server/h-auth/server/app/routes/user.js
FN:9,(anonymous_1)
FN:14,(anonymous_2)
FN:25,(anonymous_3)
FN:50,(anonymous_4)
FNF:4
FNH:4
FNDA:7,(anonymous_1)
FNDA:12,(anonymous_2)
FNDA:2,(anonymous_3)
FNDA:2,(anonymous_4)
DA:2,1
DA:4,1
DA:9,1
DA:11,7
DA:16,12
DA:18,9
DA:23,7
DA:29,2
DA:30,1
DA:31,1
DA:34,1
DA:37,1
DA:38,0
DA:39,0
DA:42,1
DA:48,7
DA:54,2
DA:55,1
DA:56,1
DA:59,1
DA:61,1
LF:21
LH:19
BRDA:29,1,0,1
BRDA:29,1,1,1
BRDA:37,2,0,0
BRDA:37,2,1,1
BRDA:54,3,0,1
BRDA:54,3,1,1
BRF:6
BRH:5
end_of_record
TN:
SF:/Users/sf/Desktop/code/habemus/server/h-auth/server/app/routes/auth.js
FN:4,(anonymous_1)
FN:8,(anonymous_2)
FN:28,(anonymous_3)
FN:51,(anonymous_4)
FNF:4
FNH:3
FNDA:7,(anonymous_1)
FNDA:11,(anonymous_2)
FNDA:3,(anonymous_3)
FNDA:0,(anonymous_4)
DA:2,1
DA:4,1
DA:6,7
DA:10,11
DA:11,11
DA:13,11
DA:16,7
DA:21,4
DA:26,7
DA:30,3
DA:32,3
DA:35,1
DA:43,2
DA:48,7
DA:54,0
DA:56,0
DA:61,0
LF:17
LH:14
BRF:0
BRH:0
end_of_record
TN:
SF:/Users/sf/Desktop/code/habemus/server/h-auth/server/app/error-handlers/validation-error.js
FN:1,(anonymous_1)
FN:3,(anonymous_2)
FNF:2
FNH:2
FNDA:7,(anonymous_1)
FNDA:15,(anonymous_2)
DA:1,1
DA:3,7
DA:5,15
DA:6,1
DA:9,14
LF:5
LH:5
BRDA:5,1,0,1
BRDA:5,1,1,14
BRF:2
BRH:2
end_of_record
TN:
SF:/Users/sf/Desktop/code/habemus/server/h-auth/server/app/error-handlers/h-auth-error.js
FN:1,(anonymous_1)
FN:3,(anonymous_2)
FNF:2
FNH:2
FNDA:7,(anonymous_1)
FNDA:14,(anonymous_2)
DA:1,1
DA:3,7
DA:4,14
DA:6,14
DA:8,14
DA:10,1
DA:11,1
DA:12,1
DA:15,2
DA:16,2
DA:17,2
DA:19,1
DA:20,1
DA:21,1
DA:24,7
DA:25,7
DA:26,7
DA:29,3
DA:30,3
DA:31,3
DA:33,0
DA:34,0
DA:38,0
LF:23
LH:20
BRDA:4,1,0,14
BRDA:4,1,1,0
BRDA:8,2,0,1
BRDA:8,2,1,1
BRDA:8,2,2,2
BRDA:8,2,3,1
BRDA:8,2,4,5
BRDA:8,2,5,7
BRDA:8,2,6,1
BRDA:8,2,7,3
BRDA:8,2,8,0
BRF:11
BRH:9
end_of_record
